 
Program name         : marc  
Job ID               : C:\Users\Utente\Dropbox\PC\Desktop\Prove senza cricca\Protesi sottile\Forza puntuale\343 N\protesi_job1 
Version type         : i8  
User subroutine name :   
User objects/libs    :   
Restart file job ID  :    
Substructure file ID :    
Post file job ID     :    
Defaults file ID     :    
View factor file ID  :    
Save generated module: no 
MPI library          : intelmpi 
Contact decoupling   : 0 
DDM processes        :  
Element loop threads :  
Solver processes     :  
Solver threads       :  
GPGPU option         :  
Host file            :    
Distributed i/o      :    
Run directory        : C:\Users\Utente\Dropbox\PC\Desktop\Prove senza cricca\Protesi sottile\Forza puntuale\343 N 
Scratch directory    : C:\Users\Utente\Dropbox\PC\Desktop\Prove senza cricca\Protesi sottile\Forza puntuale\343 N 
Default bin directory: C:\Program Files\MSC.Software\Marc Student Edition\2022.1.0\marc2022.1\bin\win64i8 
Material database    : C:\Program Files\MSC.Software\Marc Student Edition\2022.1.0\marc2022.1\AF_flowmat\  
  
 
29/09/2022 
19:05
 
 Marc protesi_job1 begins execution

     (c) COPYRIGHT 2022 Hexagon Manufacturing Intelligence, Inc., all rights reserved


 Requested number of element threads                     =    1
 Requested number of solver threads                      =    1


 VERSION: Marc 2022.1, build 874233 (2022/03/24)



     Date: Thu Sep 29 19:05:16 2022

                              Marc execution begins
Acquired 1 license for Student Edition Marc


             general memory initially set to =        25 MByte

             maximum available memory set to =      8043 MByte

             general memory increasing from      25 MByte to     133 MByte

   Customer Entitlement ID
        N/A

             wall time =           1.00

             wall time =           1.00


             Number of warning messages is 0
             wall time =           1.00


             total  memory =          180  MByte

             e n d   o f   i n c r e m e n t       0
             wall time =           2.00


             control of residual convergence:
               relative tolerance:              1.00000E-01
               cut-off value     :              0.00000E+00
               absolute tolerance:              0.00000E+00
               relative moment tolerance:       0.00000E+00
               moment cut-off value     :       0.00000E+00
               absolute moment tolerance:       0.00000E+00




             s t a r t   o f   i n c r e m e n t       1

             start of assembly     cycle number is     0
             wall time =           2.00



             start of matrix solution
             wall time =           2.00



             singularity ratio    3.7629E-03


             end of matrix solution
             wall time =           2.00


             maximum residual force  at node       339 degree of freedom  3 is equal to    2.449E-02
             maximum reaction force  at node       690 degree of freedom  1 is equal to    3.992E+01
             residual convergence ratio    6.137E-04

             total  memory =          208  MByte

             e n d   o f   i n c r e m e n t       1
             wall time =           2.00

Returned 1 license for Student Edition Marc


             memory usage:                       MByte       words  % of total

              within general memory:           
               element stiffness matrices:           2      508990         0.9
               solver: first part                    2      615456         1.1
               overallocation initial allocation   129    33798540        62.0
               other:                                0       80878         0.1
              allocated separately:
               incremental backup:                  10     2704316         5.0
               solver 12                            15     3932160         7.2
               global remeshing:                     0        1026         0.0
               nodal vectors:                        2      407768         0.7
               defined sets:                         0        2162         0.0
               transformations:                      0       10804         0.0
               kinematic boundary conditions:        0       61422         0.1
               points, curves and surfaces:          0         288         0.0
               mem_none:                             2      606152         1.1
               element storage:                     18     4674786         8.6
               material properties:                  0        4886         0.0
               executable and common blocks:        27     7000000        12.8
               miscellaneous                         0      120458         0.2
               ---------------------------------------------------------------
               total:                              208    54530092

               general memory allocated:           134    35003864
               general memory used:                  5     1205324

               peak memory usage:                  208    54530092


             timing information:                             wall time      cpu time

               total time for input:                              0.80          0.78
               total time for stiffness matrix assembly:          0.12          0.12
               total time for mass matrix assembly:               0.00          0.00
               total time for stress recovery:                    0.19          0.20
               total time for matrix solution:                    0.10          0.09
               total time for output:                             0.29          0.27
               total time for miscellaneous:                      0.13          0.12
               ---------------------------------------------------------------------
               total time:                                        1.63          1.59


             **************************************************************************


             
             This is a successful completion to a Marc simulation,
             indicating that no additional incremental data was
             found and that the analysis is complete.
             




             **************************************************************************





                                        Marc 2022.1

                                        Number of warning messages is 0

                                        Exit number 3004
